[debug] [2022-03-10T02:35:14.707Z] ----------------------------------------------------------------------
[debug] [2022-03-10T02:35:14.709Z] Command:       C:\Program Files\nodejs\node.exe C:\Users\Eduardo\AppData\Roaming\npm\node_modules\firebase-tools\lib\bin\firebase.js deploy --only hosting
[debug] [2022-03-10T02:35:14.710Z] CLI Version:   9.11.0
[debug] [2022-03-10T02:35:14.710Z] Platform:      win32
[debug] [2022-03-10T02:35:14.710Z] Node Version:  v14.15.3
[debug] [2022-03-10T02:35:14.712Z] Time:          Wed Mar 09 2022 23:35:14 GMT-0300 (hora estándar de Argentina)
[debug] [2022-03-10T02:35:14.712Z] ----------------------------------------------------------------------
[debug] 
[debug] [2022-03-10T02:35:14.723Z] > command requires scopes: ["email","openid","https://www.googleapis.com/auth/cloudplatformprojects.readonly","https://www.googleapis.com/auth/firebase","https://www.googleapis.com/auth/cloud-platform"]
[debug] [2022-03-10T02:35:14.723Z] > authorizing via signed-in user (eduardoo.rafael@gmail.com)
[debug] [2022-03-10T02:35:14.724Z] [iam] checking project rock-paper-scissors-5a2c8 for permissions ["firebase.projects.get","firebasehosting.sites.update"]
[debug] [2022-03-10T02:35:14.727Z] > refreshing access token with scopes: ["email","https://www.googleapis.com/auth/cloud-platform","https://www.googleapis.com/auth/cloudplatformprojects.readonly","https://www.googleapis.com/auth/firebase","openid"]
[debug] [2022-03-10T02:35:14.727Z] >>> HTTP REQUEST POST https://www.googleapis.com/oauth2/v3/token  
 <request body omitted>
[debug] [2022-03-10T02:35:14.899Z] <<< HTTP RESPONSE 200 {"date":"Thu, 10 Mar 2022 02:35:15 GMT","pragma":"no-cache","cache-control":"no-cache, no-store, max-age=0, must-revalidate","expires":"Mon, 01 Jan 1990 00:00:00 GMT","content-type":"application/json; charset=utf-8","vary":"X-Origin, Referer, Origin,Accept-Encoding","server":"scaffolding on HTTPServer2","x-xss-protection":"0","x-frame-options":"SAMEORIGIN","x-content-type-options":"nosniff","alt-svc":"h3=\":443\"; ma=2592000,h3-29=\":443\"; ma=2592000,h3-Q050=\":443\"; ma=2592000,h3-Q046=\":443\"; ma=2592000,h3-Q043=\":443\"; ma=2592000,quic=\":443\"; ma=2592000; v=\"46,43\"","accept-ranges":"none","transfer-encoding":"chunked"}
[debug] [2022-03-10T02:35:14.910Z] >>> HTTP REQUEST POST https://cloudresourcemanager.googleapis.com/v1/projects/rock-paper-scissors-5a2c8:testIamPermissions  
 {"permissions":["firebase.projects.get","firebasehosting.sites.update"]}
[debug] [2022-03-10T02:35:15.775Z] <<< HTTP RESPONSE 200 {"content-type":"application/json; charset=UTF-8","vary":"X-Origin, Referer, Origin,Accept-Encoding","date":"Thu, 10 Mar 2022 02:35:16 GMT","server":"ESF","cache-control":"private","x-xss-protection":"0","x-frame-options":"SAMEORIGIN","x-content-type-options":"nosniff","server-timing":"gfet4t7; dur=741","alt-svc":"h3=\":443\"; ma=2592000,h3-29=\":443\"; ma=2592000,h3-Q050=\":443\"; ma=2592000,h3-Q046=\":443\"; ma=2592000,h3-Q043=\":443\"; ma=2592000,quic=\":443\"; ma=2592000; v=\"46,43\"","accept-ranges":"none","transfer-encoding":"chunked"}
[debug] [2022-03-10T02:35:15.777Z] > refreshing access token with scopes: []
[debug] [2022-03-10T02:35:15.777Z] >>> HTTP REQUEST POST https://www.googleapis.com/oauth2/v3/token  
 <request body omitted>
[debug] [2022-03-10T02:35:15.930Z] <<< HTTP RESPONSE 200 {"pragma":"no-cache","expires":"Mon, 01 Jan 1990 00:00:00 GMT","date":"Thu, 10 Mar 2022 02:35:16 GMT","cache-control":"no-cache, no-store, max-age=0, must-revalidate","content-type":"application/json; charset=utf-8","vary":"X-Origin, Referer, Origin,Accept-Encoding","server":"scaffolding on HTTPServer2","x-xss-protection":"0","x-frame-options":"SAMEORIGIN","x-content-type-options":"nosniff","alt-svc":"h3=\":443\"; ma=2592000,h3-29=\":443\"; ma=2592000,h3-Q050=\":443\"; ma=2592000,h3-Q046=\":443\"; ma=2592000,h3-Q043=\":443\"; ma=2592000,quic=\":443\"; ma=2592000; v=\"46,43\"","accept-ranges":"none","transfer-encoding":"chunked"}
[debug] [2022-03-10T02:35:15.943Z] >>> [apiv2][query] GET https://firebase.googleapis.com/v1beta1/projects/rock-paper-scissors-5a2c8 [none]
[debug] [2022-03-10T02:35:16.938Z] <<< [apiv2][status] GET https://firebase.googleapis.com/v1beta1/projects/rock-paper-scissors-5a2c8 200
[debug] [2022-03-10T02:35:16.938Z] <<< [apiv2][body] GET https://firebase.googleapis.com/v1beta1/projects/rock-paper-scissors-5a2c8 {"projectId":"rock-paper-scissors-5a2c8","projectNumber":"612562628640","displayName":"rock-paper-scissors","name":"projects/rock-paper-scissors-5a2c8","resources":{"hostingSite":"rock-paper-scissors-5a2c8"},"state":"ACTIVE"}
[info] 
[info] === Deploying to 'rock-paper-scissors-5a2c8'...
[info] 
[info] i  deploying hosting 
[debug] [2022-03-10T02:35:16.946Z] > refreshing access token with scopes: ["email","https://www.googleapis.com/auth/cloud-platform","https://www.googleapis.com/auth/cloudplatformprojects.readonly","https://www.googleapis.com/auth/firebase","openid"]
[debug] [2022-03-10T02:35:16.946Z] >>> HTTP REQUEST POST https://www.googleapis.com/oauth2/v3/token  
 <request body omitted>
[debug] [2022-03-10T02:35:17.087Z] <<< HTTP RESPONSE 200 {"cache-control":"no-cache, no-store, max-age=0, must-revalidate","date":"Thu, 10 Mar 2022 02:35:17 GMT","expires":"Mon, 01 Jan 1990 00:00:00 GMT","pragma":"no-cache","content-type":"application/json; charset=utf-8","vary":"X-Origin, Referer, Origin,Accept-Encoding","server":"scaffolding on HTTPServer2","x-xss-protection":"0","x-frame-options":"SAMEORIGIN","x-content-type-options":"nosniff","alt-svc":"h3=\":443\"; ma=2592000,h3-29=\":443\"; ma=2592000,h3-Q050=\":443\"; ma=2592000,h3-Q046=\":443\"; ma=2592000,h3-Q043=\":443\"; ma=2592000,quic=\":443\"; ma=2592000; v=\"46,43\"","accept-ranges":"none","transfer-encoding":"chunked"}
[debug] [2022-03-10T02:35:17.100Z] >>> HTTP REQUEST POST https://firebasehosting.googleapis.com/v1beta1/sites/rock-paper-scissors-5a2c8/versions  
 {"config":{"rewrites":[{"glob":"**","path":"/index.html"}]},"labels":{"deployment-tool":"cli-firebase"}}
[debug] [2022-03-10T02:35:18.961Z] <<< HTTP RESPONSE 200 {"content-type":"application/json; charset=UTF-8","vary":"X-Origin, Referer, Origin,Accept-Encoding","date":"Thu, 10 Mar 2022 02:35:19 GMT","server":"ESF","cache-control":"private","x-xss-protection":"0","x-frame-options":"SAMEORIGIN","x-content-type-options":"nosniff","alt-svc":"h3=\":443\"; ma=2592000,h3-29=\":443\"; ma=2592000,h3-Q050=\":443\"; ma=2592000,h3-Q046=\":443\"; ma=2592000,h3-Q043=\":443\"; ma=2592000,quic=\":443\"; ma=2592000; v=\"46,43\"","accept-ranges":"none","transfer-encoding":"chunked"}
[info] i  hosting[rock-paper-scissors-5a2c8]: beginning deploy... 
[info] i  hosting[rock-paper-scissors-5a2c8]: found 22 files in build 
[debug] [2022-03-10T02:35:19.185Z] > refreshing access token with scopes: []
[debug] [2022-03-10T02:35:19.185Z] >>> HTTP REQUEST POST https://www.googleapis.com/oauth2/v3/token  
 <request body omitted>
[debug] [2022-03-10T02:35:19.187Z] [hosting] hash cache [YnVpbGQ] stored for 22 files
[debug] [2022-03-10T02:35:19.187Z] [hosting][hash queue][FINAL] {"max":134,"min":3,"avg":14.409090909090908,"active":0,"complete":22,"success":22,"errored":0,"retried":0,"total":22,"elapsed":139}
[debug] [2022-03-10T02:35:19.340Z] <<< HTTP RESPONSE 200 {"date":"Thu, 10 Mar 2022 02:35:19 GMT","pragma":"no-cache","cache-control":"no-cache, no-store, max-age=0, must-revalidate","expires":"Mon, 01 Jan 1990 00:00:00 GMT","content-type":"application/json; charset=utf-8","vary":"X-Origin, Referer, Origin,Accept-Encoding","server":"scaffolding on HTTPServer2","x-xss-protection":"0","x-frame-options":"SAMEORIGIN","x-content-type-options":"nosniff","alt-svc":"h3=\":443\"; ma=2592000,h3-29=\":443\"; ma=2592000,h3-Q050=\":443\"; ma=2592000,h3-Q046=\":443\"; ma=2592000,h3-Q043=\":443\"; ma=2592000,quic=\":443\"; ma=2592000; v=\"46,43\"","accept-ranges":"none","transfer-encoding":"chunked"}
[debug] [2022-03-10T02:35:19.349Z] >>> [apiv2][query] POST https://firebasehosting.googleapis.com/v1beta1/sites/rock-paper-scissors-5a2c8/versions/d21c58ccdb2b671d:populateFiles [none]
[debug] [2022-03-10T02:35:19.349Z] >>> [apiv2][body] POST https://firebasehosting.googleapis.com/v1beta1/sites/rock-paper-scissors-5a2c8/versions/d21c58ccdb2b671d:populateFiles {"files":{"/favicon3.ico":"eae62e993eb980ec8a25058c39d5a51feab118bd2100c4deebb2a9c158ec11f9","/logo192.png":"3ee59515172ee198f3be375979df15ac5345183e656720a381b8872b2a39dc8b","/logo512.png":"ee7e2f3fdb8209c4b6fd7bef6ba50d1b9dba30a25bb5c3126df057e1cb6f5331","/manifest.json":"aff3449bdc238776f5d6d967f19ec491b36aed5fb7f23ccff6500736fd58494a","/robots.txt":"bfe106a3fb878dc83461c86818bf74fc1bdc7f28538ba613cd3e775516ce8b49","/asset-manifest.json":"f39d0514bb4943f105f926e0809d512aef50aefcd6bf0a5fd8edd5ed87148095","/index.html":"09577f49e2e84f51cb4786636689f95153d233bfcf26897180cfa0d083118a74","/static/css/main.8a8e3a02.chunk.css":"00327fad5dbe8694c0c68457ec445bce4d5e5069b2f8b11a97d26b6c08eadfee","/static/css/main.8a8e3a02.chunk.css.map":"ff0e7e60a1a4c3d617adce196d702a5838e94e1d28683922d6d92be5eed3240a","/static/js/2.f5715f2d.chunk.js.LICENSE.txt":"ff6e1e979db9369a9f7416a242049ffecf6a913bd1a6c3b5da956e28224606d9","/static/js/main.1d4f1dd5.chunk.js":"ee20a196374709dcb366ee2c3b8e02c2ce1d18a6ba043576b5af514bdf42ab8e","/static/js/runtime-main.46dface2.js":"1b9c489efed8eadd47d9f9a7205ad5d9faa0042a3a89d57054ca625cc99a4313","/static/js/runtime-main.46dface2.js.map":"ff1c037bf6fa7e94db51730e67b7d9f35b9312eb1dc8eaaf5e51440de766d460","/static/media/bg-triangle.c0c30b56.svg":"96793dad4856054854dfbad98ee5cf8ebc65ca394d14cf04dc041c27f1d2f14d","/static/media/icon-paper.8b57a6b1.svg":"8366cea9531f20f36c2efd6005b3315e67e4fb48cf00d68086195f9486966552","/static/media/icon-rock.476e90a9.svg":"1245315c00defb9cb2b54140d1e347d261312be3fc5274641fc4b0612a4b1f8e","/static/media/icon-scissors.3b1a5d7e.svg":"d075ae98aa627fa272f8ff19722dc691b16bde9fd740069ef7eeb85e0f44983d","/static/media/image-rules.258b753f.svg":"1358984f1e96bfc9da96e92fa26f47edfb1bd5d897fb8e205b39e6989384b7e7","/static/media/logo.a4a2b39f.svg":"bdd68e59466709d7a107bc85191688970bca50dee3264522a6fb4c06dac63a23","/static/js/main.1d4f1dd5.chunk.js.map":"f2991d34e9fd8b3565825b1a38422ec8844634b386c1c500cb591c69ea309afd","/static/js/2.f5715f2d.chunk.js":"f5612fa0cba4cc6f7eadc9918eab85b5aff6a5044677a589499461cbd7684676","/static/js/2.f5715f2d.chunk.js.map":"ae9937d0744d5ac785f0c6e650a18136456d6f833759bc19d8a8ee8a2486e9d6"}}
[debug] [2022-03-10T02:35:20.575Z] <<< [apiv2][status] POST https://firebasehosting.googleapis.com/v1beta1/sites/rock-paper-scissors-5a2c8/versions/d21c58ccdb2b671d:populateFiles 200
[debug] [2022-03-10T02:35:20.575Z] <<< [apiv2][body] POST https://firebasehosting.googleapis.com/v1beta1/sites/rock-paper-scissors-5a2c8/versions/d21c58ccdb2b671d:populateFiles {"uploadRequiredHashes":["f39d0514bb4943f105f926e0809d512aef50aefcd6bf0a5fd8edd5ed87148095","f2991d34e9fd8b3565825b1a38422ec8844634b386c1c500cb591c69ea309afd","ee20a196374709dcb366ee2c3b8e02c2ce1d18a6ba043576b5af514bdf42ab8e","09577f49e2e84f51cb4786636689f95153d233bfcf26897180cfa0d083118a74"],"uploadUrl":"https://upload-firebasehosting.googleapis.com/upload/sites/rock-paper-scissors-5a2c8/versions/d21c58ccdb2b671d/files"}
[debug] [2022-03-10T02:35:20.577Z] >>> [apiv2][query] POST https://upload-firebasehosting.googleapis.com/upload/sites/rock-paper-scissors-5a2c8/versions/d21c58ccdb2b671d/files/f39d0514bb4943f105f926e0809d512aef50aefcd6bf0a5fd8edd5ed87148095 [none]
[debug] [2022-03-10T02:35:20.577Z] >>> [apiv2][body] POST https://upload-firebasehosting.googleapis.com/upload/sites/rock-paper-scissors-5a2c8/versions/d21c58ccdb2b671d/files/f39d0514bb4943f105f926e0809d512aef50aefcd6bf0a5fd8edd5ed87148095 [stream]
[debug] [2022-03-10T02:35:20.578Z] >>> [apiv2][query] POST https://upload-firebasehosting.googleapis.com/upload/sites/rock-paper-scissors-5a2c8/versions/d21c58ccdb2b671d/files/f2991d34e9fd8b3565825b1a38422ec8844634b386c1c500cb591c69ea309afd [none]
[debug] [2022-03-10T02:35:20.578Z] >>> [apiv2][body] POST https://upload-firebasehosting.googleapis.com/upload/sites/rock-paper-scissors-5a2c8/versions/d21c58ccdb2b671d/files/f2991d34e9fd8b3565825b1a38422ec8844634b386c1c500cb591c69ea309afd [stream]
[debug] [2022-03-10T02:35:20.579Z] >>> [apiv2][query] POST https://upload-firebasehosting.googleapis.com/upload/sites/rock-paper-scissors-5a2c8/versions/d21c58ccdb2b671d/files/ee20a196374709dcb366ee2c3b8e02c2ce1d18a6ba043576b5af514bdf42ab8e [none]
[debug] [2022-03-10T02:35:20.580Z] >>> [apiv2][body] POST https://upload-firebasehosting.googleapis.com/upload/sites/rock-paper-scissors-5a2c8/versions/d21c58ccdb2b671d/files/ee20a196374709dcb366ee2c3b8e02c2ce1d18a6ba043576b5af514bdf42ab8e [stream]
[debug] [2022-03-10T02:35:20.581Z] >>> [apiv2][query] POST https://upload-firebasehosting.googleapis.com/upload/sites/rock-paper-scissors-5a2c8/versions/d21c58ccdb2b671d/files/09577f49e2e84f51cb4786636689f95153d233bfcf26897180cfa0d083118a74 [none]
[debug] [2022-03-10T02:35:20.581Z] >>> [apiv2][body] POST https://upload-firebasehosting.googleapis.com/upload/sites/rock-paper-scissors-5a2c8/versions/d21c58ccdb2b671d/files/09577f49e2e84f51cb4786636689f95153d233bfcf26897180cfa0d083118a74 [stream]
[debug] [2022-03-10T02:35:20.582Z] [hosting][populate queue][FINAL] {"max":1392,"min":1392,"avg":1392,"active":0,"complete":1,"success":1,"errored":0,"retried":0,"total":1,"elapsed":1397}
[debug] [2022-03-10T02:35:20.582Z] [hosting] uploads queued: 4
[debug] [2022-03-10T02:35:22.505Z] <<< [apiv2][status] POST https://upload-firebasehosting.googleapis.com/upload/sites/rock-paper-scissors-5a2c8/versions/d21c58ccdb2b671d/files/09577f49e2e84f51cb4786636689f95153d233bfcf26897180cfa0d083118a74 200
[debug] [2022-03-10T02:35:22.506Z] <<< [apiv2][body] POST https://upload-firebasehosting.googleapis.com/upload/sites/rock-paper-scissors-5a2c8/versions/d21c58ccdb2b671d/files/09577f49e2e84f51cb4786636689f95153d233bfcf26897180cfa0d083118a74 [stream]
[debug] [2022-03-10T02:35:22.590Z] <<< [apiv2][status] POST https://upload-firebasehosting.googleapis.com/upload/sites/rock-paper-scissors-5a2c8/versions/d21c58ccdb2b671d/files/f39d0514bb4943f105f926e0809d512aef50aefcd6bf0a5fd8edd5ed87148095 200
[debug] [2022-03-10T02:35:22.590Z] <<< [apiv2][body] POST https://upload-firebasehosting.googleapis.com/upload/sites/rock-paper-scissors-5a2c8/versions/d21c58ccdb2b671d/files/f39d0514bb4943f105f926e0809d512aef50aefcd6bf0a5fd8edd5ed87148095 [stream]
[debug] [2022-03-10T02:35:22.608Z] <<< [apiv2][status] POST https://upload-firebasehosting.googleapis.com/upload/sites/rock-paper-scissors-5a2c8/versions/d21c58ccdb2b671d/files/ee20a196374709dcb366ee2c3b8e02c2ce1d18a6ba043576b5af514bdf42ab8e 200
[debug] [2022-03-10T02:35:22.608Z] <<< [apiv2][body] POST https://upload-firebasehosting.googleapis.com/upload/sites/rock-paper-scissors-5a2c8/versions/d21c58ccdb2b671d/files/ee20a196374709dcb366ee2c3b8e02c2ce1d18a6ba043576b5af514bdf42ab8e [stream]
[debug] [2022-03-10T02:35:27.601Z] <<< [apiv2][status] POST https://upload-firebasehosting.googleapis.com/upload/sites/rock-paper-scissors-5a2c8/versions/d21c58ccdb2b671d/files/f2991d34e9fd8b3565825b1a38422ec8844634b386c1c500cb591c69ea309afd 200
[debug] [2022-03-10T02:35:27.602Z] <<< [apiv2][body] POST https://upload-firebasehosting.googleapis.com/upload/sites/rock-paper-scissors-5a2c8/versions/d21c58ccdb2b671d/files/f2991d34e9fd8b3565825b1a38422ec8844634b386c1c500cb591c69ea309afd [stream]
[debug] [2022-03-10T02:35:27.602Z] [hosting][upload queue][FINAL] {"max":7027,"min":1930,"avg":3251,"active":0,"complete":4,"success":4,"errored":0,"retried":0,"total":4,"elapsed":7027}
[info] +  hosting[rock-paper-scissors-5a2c8]: file upload complete 
[debug] [2022-03-10T02:35:27.603Z] [hosting] deploy completed after 8640ms
[debug] [2022-03-10T02:35:27.604Z] [
  {
    "config": {
      "public": "build",
      "ignore": [
        "firebase.json",
        "**/.*",
        "**/node_modules/**"
      ],
      "rewrites": [
        {
          "source": "**",
          "destination": "/index.html"
        }
      ],
      "site": "rock-paper-scissors-5a2c8"
    },
    "site": "rock-paper-scissors-5a2c8",
    "version": "sites/rock-paper-scissors-5a2c8/versions/d21c58ccdb2b671d"
  }
]
[info] i  hosting[rock-paper-scissors-5a2c8]: finalizing version... 
[debug] [2022-03-10T02:35:27.605Z] > refreshing access token with scopes: ["email","https://www.googleapis.com/auth/cloud-platform","https://www.googleapis.com/auth/cloudplatformprojects.readonly","https://www.googleapis.com/auth/firebase","openid"]
[debug] [2022-03-10T02:35:27.605Z] >>> HTTP REQUEST POST https://www.googleapis.com/oauth2/v3/token  
 <request body omitted>
[debug] [2022-03-10T02:35:27.756Z] <<< HTTP RESPONSE 200 {"expires":"Mon, 01 Jan 1990 00:00:00 GMT","pragma":"no-cache","date":"Thu, 10 Mar 2022 02:35:28 GMT","cache-control":"no-cache, no-store, max-age=0, must-revalidate","content-type":"application/json; charset=utf-8","vary":"X-Origin, Referer, Origin,Accept-Encoding","server":"scaffolding on HTTPServer2","x-xss-protection":"0","x-frame-options":"SAMEORIGIN","x-content-type-options":"nosniff","alt-svc":"h3=\":443\"; ma=2592000,h3-29=\":443\"; ma=2592000,h3-Q050=\":443\"; ma=2592000,h3-Q046=\":443\"; ma=2592000,h3-Q043=\":443\"; ma=2592000,quic=\":443\"; ma=2592000; v=\"46,43\"","accept-ranges":"none","transfer-encoding":"chunked"}
[debug] [2022-03-10T02:35:27.764Z] >>> HTTP REQUEST PATCH https://firebasehosting.googleapis.com/v1beta1/sites/rock-paper-scissors-5a2c8/versions/d21c58ccdb2b671d?updateMask=status  
 {"status":"FINALIZED"}
[debug] [2022-03-10T02:35:28.993Z] <<< HTTP RESPONSE 200 {"content-type":"application/json; charset=UTF-8","vary":"X-Origin, Referer, Origin,Accept-Encoding","date":"Thu, 10 Mar 2022 02:35:29 GMT","server":"ESF","cache-control":"private","x-xss-protection":"0","x-frame-options":"SAMEORIGIN","x-content-type-options":"nosniff","alt-svc":"h3=\":443\"; ma=2592000,h3-29=\":443\"; ma=2592000,h3-Q050=\":443\"; ma=2592000,h3-Q046=\":443\"; ma=2592000,h3-Q043=\":443\"; ma=2592000,quic=\":443\"; ma=2592000; v=\"46,43\"","accept-ranges":"none","transfer-encoding":"chunked"}
[debug] [2022-03-10T02:35:28.993Z] [hosting] finalized version for rock-paper-scissors-5a2c8: {"name":"sites/rock-paper-scissors-5a2c8/versions/d21c58ccdb2b671d","status":"FINALIZED","config":{"rewrites":[{"glob":"**","path":"/index.html"}]},"labels":{"deployment-tool":"cli-firebase"},"createTime":"2022-03-10T02:35:18.758851Z","createUser":{"email":"Eduardoo.rafael@gmail.com"},"finalizeTime":"2022-03-10T02:35:29.398147Z","finalizeUser":{"email":"Eduardoo.rafael@gmail.com"}}
[info] +  hosting[rock-paper-scissors-5a2c8]: version finalized 
[info] i  hosting[rock-paper-scissors-5a2c8]: releasing new version... 
[debug] [2022-03-10T02:35:28.995Z] >>> HTTP REQUEST POST https://firebasehosting.googleapis.com/v1beta1/sites/rock-paper-scissors-5a2c8/releases?version_name=sites/rock-paper-scissors-5a2c8/versions/d21c58ccdb2b671d  
 {"message":null}
